<?xml version="1.0" encoding="UTF-8"?>
<testng-results ignored="0" total="4" passed="4" failed="0" skipped="0">
  <reporter-output>
  </reporter-output>
  <suite started-at="2023-06-08T00:51:11Z" name="Default suite" finished-at="2023-06-08T00:51:11Z" duration-ms="46">
    <groups>
    </groups>
    <test started-at="2023-06-08T00:51:11Z" name="Default test" finished-at="2023-06-08T00:51:11Z" duration-ms="46">
      <class name="TestScript.test1">
        <test-method signature="Openingpage()[pri:1, instance:TestScript.test1@5b799640]" started-at="2023-06-08T00:51:11Z" name="Openingpage" finished-at="2023-06-08T00:51:11Z" duration-ms="6" status="PASS">
          <reporter-output>
          </reporter-output>
        </test-method> <!-- Openingpage -->
        <test-method signature="title()[pri:2, instance:TestScript.test1@5b799640]" started-at="2023-06-08T00:51:11Z" name="title" finished-at="2023-06-08T00:51:11Z" duration-ms="1" status="PASS">
          <reporter-output>
          </reporter-output>
        </test-method> <!-- title -->
        <test-method signature="url()[pri:3, instance:TestScript.test1@5b799640]" started-at="2023-06-08T00:51:11Z" name="url" finished-at="2023-06-08T00:51:11Z" duration-ms="3" status="PASS">
          <reporter-output>
          </reporter-output>
        </test-method> <!-- url -->
        <test-method signature="CLose()[pri:4, instance:TestScript.test1@5b799640]" started-at="2023-06-08T00:51:11Z" name="CLose" finished-at="2023-06-08T00:51:11Z" duration-ms="2" status="PASS">
          <reporter-output>
          </reporter-output>
        </test-method> <!-- CLose -->
      </class> <!-- TestScript.test1 -->
    </test> <!-- Default test -->
  </suite> <!-- Default suite -->
</testng-results>
