<?xml version="1.0" encoding="UTF-8"?>
<!-- Generated by org.testng.reporters.JUnitXMLReporter -->
<testsuite ignored="0" hostname="LAPTOP-4394Q7SE" failures="0" tests="4" name="Default test" time="0.046" errors="0" timestamp="08 Jun 2023 00:51:11 GMT">
  <testcase classname="TestScript.test1" name="Openingpage" time="0.006"/>
  <testcase classname="TestScript.test1" name="title" time="0.001"/>
  <testcase classname="TestScript.test1" name="url" time="0.003"/>
  <testcase classname="TestScript.test1" name="CLose" time="0.002"/>
</testsuite> <!-- Default test -->
